<?xml version="1.0" encoding="UTF-8"?>
<!-- Generated by org.testng.reporters.JUnitReportReporter -->
<testsuite hostname="CIPL-4PC179" failures="0" tests="1" name="example.NewTest" time="0.004" errors="0" timestamp="2019-12-12T17:43:56 IST" skipped="0">
  <testcase classname="example.NewTest" name="f" time="0.004"/>
</testsuite> <!-- example.NewTest -->
